Added Component: Designator=C1(C 0603_L)
Add component (AddParameter): Name = "BOM名称"; Value = "无极性贴片电容"; VariantName = "[No Variations]"
Add component (AddParameter): Name = "封装库来自淘宝卖家ID：黄晶宝石"; Value = "其他店铺购入均为盗版假冒封装库"; VariantName = "[No Variations]"
Add component (AddParameter): Name = "联系卖家，免费查找封装"; Value = "唯一出售店铺网址https://shop463601444.taobao.com"; VariantName = "[No Variations]"
Added Component: Designator=C2(C 0603_L)
Add component (AddParameter): Name = "BOM名称"; Value = "无极性贴片电容"; VariantName = "[No Variations]"
Add component (AddParameter): Name = "封装库来自淘宝卖家ID：黄晶宝石"; Value = "其他店铺购入均为盗版假冒封装库"; VariantName = "[No Variations]"
Add component (AddParameter): Name = "联系卖家，免费查找封装"; Value = "唯一出售店铺网址https://shop463601444.taobao.com"; VariantName = "[No Variations]"
Added Component: Designator=C3(C 1206_L)
Add component (AddParameter): Name = "BOM名称"; Value = "无极性贴片电容"; VariantName = "[No Variations]"
Add component (AddParameter): Name = "封装库来自淘宝卖家ID：黄晶宝石"; Value = "其他店铺购入均为盗版假冒封装库"; VariantName = "[No Variations]"
Add component (AddParameter): Name = "联系卖家，免费查找封装"; Value = "唯一出售店铺网址https://shop463601444.taobao.com"; VariantName = "[No Variations]"
Added Component: Designator=C4(C 0603_L)
Add component (AddParameter): Name = "BOM名称"; Value = "无极性贴片电容"; VariantName = "[No Variations]"
Add component (AddParameter): Name = "封装库来自淘宝卖家ID：黄晶宝石"; Value = "其他店铺购入均为盗版假冒封装库"; VariantName = "[No Variations]"
Add component (AddParameter): Name = "联系卖家，免费查找封装"; Value = "唯一出售店铺网址https://shop463601444.taobao.com"; VariantName = "[No Variations]"
Added Component: Designator=C5(C 0603_L)
Add component (AddParameter): Name = "BOM名称"; Value = "无极性贴片电容"; VariantName = "[No Variations]"
Add component (AddParameter): Name = "封装库来自淘宝卖家ID：黄晶宝石"; Value = "其他店铺购入均为盗版假冒封装库"; VariantName = "[No Variations]"
Add component (AddParameter): Name = "联系卖家，免费查找封装"; Value = "唯一出售店铺网址https://shop463601444.taobao.com"; VariantName = "[No Variations]"
Added Component: Designator=C6(C 0603_L)
Add component (AddParameter): Name = "BOM名称"; Value = "无极性贴片电容"; VariantName = "[No Variations]"
Add component (AddParameter): Name = "封装库来自淘宝卖家ID：黄晶宝石"; Value = "其他店铺购入均为盗版假冒封装库"; VariantName = "[No Variations]"
Add component (AddParameter): Name = "联系卖家，免费查找封装"; Value = "唯一出售店铺网址https://shop463601444.taobao.com"; VariantName = "[No Variations]"
Added Component: Designator=C7(C 0603_L)
Add component (AddParameter): Name = "BOM名称"; Value = "无极性贴片电容"; VariantName = "[No Variations]"
Add component (AddParameter): Name = "封装库来自淘宝卖家ID：黄晶宝石"; Value = "其他店铺购入均为盗版假冒封装库"; VariantName = "[No Variations]"
Add component (AddParameter): Name = "联系卖家，免费查找封装"; Value = "唯一出售店铺网址https://shop463601444.taobao.com"; VariantName = "[No Variations]"
Added Component: Designator=C8(C 0603_L)
Add component (AddParameter): Name = "BOM名称"; Value = "无极性贴片电容"; VariantName = "[No Variations]"
Add component (AddParameter): Name = "封装库来自淘宝卖家ID：黄晶宝石"; Value = "其他店铺购入均为盗版假冒封装库"; VariantName = "[No Variations]"
Add component (AddParameter): Name = "联系卖家，免费查找封装"; Value = "唯一出售店铺网址https://shop463601444.taobao.com"; VariantName = "[No Variations]"
Added Component: Designator=C9(C 0603_L)
Add component (AddParameter): Name = "BOM名称"; Value = "无极性贴片电容"; VariantName = "[No Variations]"
Add component (AddParameter): Name = "封装库来自淘宝卖家ID：黄晶宝石"; Value = "其他店铺购入均为盗版假冒封装库"; VariantName = "[No Variations]"
Add component (AddParameter): Name = "联系卖家，免费查找封装"; Value = "唯一出售店铺网址https://shop463601444.taobao.com"; VariantName = "[No Variations]"
Added Component: Designator=C10(C 0603_L)
Add component (AddParameter): Name = "BOM名称"; Value = "无极性贴片电容"; VariantName = "[No Variations]"
Add component (AddParameter): Name = "封装库来自淘宝卖家ID：黄晶宝石"; Value = "其他店铺购入均为盗版假冒封装库"; VariantName = "[No Variations]"
Add component (AddParameter): Name = "联系卖家，免费查找封装"; Value = "唯一出售店铺网址https://shop463601444.taobao.com"; VariantName = "[No Variations]"
Added Component: Designator=C11(C 0603_L)
Add component (AddParameter): Name = "BOM名称"; Value = "无极性贴片电容"; VariantName = "[No Variations]"
Add component (AddParameter): Name = "封装库来自淘宝卖家ID：黄晶宝石"; Value = "其他店铺购入均为盗版假冒封装库"; VariantName = "[No Variations]"
Add component (AddParameter): Name = "联系卖家，免费查找封装"; Value = "唯一出售店铺网址https://shop463601444.taobao.com"; VariantName = "[No Variations]"
Added Component: Designator=C12(C 0603_L)
Add component (AddParameter): Name = "BOM名称"; Value = "无极性贴片电容"; VariantName = "[No Variations]"
Add component (AddParameter): Name = "封装库来自淘宝卖家ID：黄晶宝石"; Value = "其他店铺购入均为盗版假冒封装库"; VariantName = "[No Variations]"
Add component (AddParameter): Name = "联系卖家，免费查找封装"; Value = "唯一出售店铺网址https://shop463601444.taobao.com"; VariantName = "[No Variations]"
Added Component: Designator=C13(C 0603_L)
Add component (AddParameter): Name = "BOM名称"; Value = "无极性贴片电容"; VariantName = "[No Variations]"
Add component (AddParameter): Name = "封装库来自淘宝卖家ID：黄晶宝石"; Value = "其他店铺购入均为盗版假冒封装库"; VariantName = "[No Variations]"
Add component (AddParameter): Name = "联系卖家，免费查找封装"; Value = "唯一出售店铺网址https://shop463601444.taobao.com"; VariantName = "[No Variations]"
Added Component: Designator=C14(C 0603_L)
Add component (AddParameter): Name = "BOM名称"; Value = "无极性贴片电容"; VariantName = "[No Variations]"
Add component (AddParameter): Name = "封装库来自淘宝卖家ID：黄晶宝石"; Value = "其他店铺购入均为盗版假冒封装库"; VariantName = "[No Variations]"
Add component (AddParameter): Name = "联系卖家，免费查找封装"; Value = "唯一出售店铺网址https://shop463601444.taobao.com"; VariantName = "[No Variations]"
Added Component: Designator=C15(C 0603_L)
Add component (AddParameter): Name = "BOM名称"; Value = "无极性贴片电容"; VariantName = "[No Variations]"
Add component (AddParameter): Name = "封装库来自淘宝卖家ID：黄晶宝石"; Value = "其他店铺购入均为盗版假冒封装库"; VariantName = "[No Variations]"
Add component (AddParameter): Name = "联系卖家，免费查找封装"; Value = "唯一出售店铺网址https://shop463601444.taobao.com"; VariantName = "[No Variations]"
Added Component: Designator=C16(C 0603_L)
Add component (AddParameter): Name = "BOM名称"; Value = "无极性贴片电容"; VariantName = "[No Variations]"
Add component (AddParameter): Name = "封装库来自淘宝卖家ID：黄晶宝石"; Value = "其他店铺购入均为盗版假冒封装库"; VariantName = "[No Variations]"
Add component (AddParameter): Name = "联系卖家，免费查找封装"; Value = "唯一出售店铺网址https://shop463601444.taobao.com"; VariantName = "[No Variations]"
Added Component: Designator=C17(C 0603_L)
Add component (AddParameter): Name = "BOM名称"; Value = "无极性贴片电容"; VariantName = "[No Variations]"
Add component (AddParameter): Name = "封装库来自淘宝卖家ID：黄晶宝石"; Value = "其他店铺购入均为盗版假冒封装库"; VariantName = "[No Variations]"
Add component (AddParameter): Name = "联系卖家，免费查找封装"; Value = "唯一出售店铺网址https://shop463601444.taobao.com"; VariantName = "[No Variations]"
Added Component: Designator=C18(C 0603_L)
Add component (AddParameter): Name = "BOM名称"; Value = "无极性贴片电容"; VariantName = "[No Variations]"
Add component (AddParameter): Name = "封装库来自淘宝卖家ID：黄晶宝石"; Value = "其他店铺购入均为盗版假冒封装库"; VariantName = "[No Variations]"
Add component (AddParameter): Name = "联系卖家，免费查找封装"; Value = "唯一出售店铺网址https://shop463601444.taobao.com"; VariantName = "[No Variations]"
Added Component: Designator=C19(C 0603_L)
Add component (AddParameter): Name = "BOM名称"; Value = "无极性贴片电容"; VariantName = "[No Variations]"
Add component (AddParameter): Name = "封装库来自淘宝卖家ID：黄晶宝石"; Value = "其他店铺购入均为盗版假冒封装库"; VariantName = "[No Variations]"
Add component (AddParameter): Name = "联系卖家，免费查找封装"; Value = "唯一出售店铺网址https://shop463601444.taobao.com"; VariantName = "[No Variations]"
Added Component: Designator=C20(C 0603_L)
Add component (AddParameter): Name = "BOM名称"; Value = "无极性贴片电容"; VariantName = "[No Variations]"
Add component (AddParameter): Name = "封装库来自淘宝卖家ID：黄晶宝石"; Value = "其他店铺购入均为盗版假冒封装库"; VariantName = "[No Variations]"
Add component (AddParameter): Name = "联系卖家，免费查找封装"; Value = "唯一出售店铺网址https://shop463601444.taobao.com"; VariantName = "[No Variations]"
Added Component: Designator=C21(C 0603_L)
Add component (AddParameter): Name = "BOM名称"; Value = "无极性贴片电容"; VariantName = "[No Variations]"
Add component (AddParameter): Name = "封装库来自淘宝卖家ID：黄晶宝石"; Value = "其他店铺购入均为盗版假冒封装库"; VariantName = "[No Variations]"
Add component (AddParameter): Name = "联系卖家，免费查找封装"; Value = "唯一出售店铺网址https://shop463601444.taobao.com"; VariantName = "[No Variations]"
Added Component: Designator=C22(C 0603_L)
Add component (AddParameter): Name = "BOM名称"; Value = "无极性贴片电容"; VariantName = "[No Variations]"
Add component (AddParameter): Name = "封装库来自淘宝卖家ID：黄晶宝石"; Value = "其他店铺购入均为盗版假冒封装库"; VariantName = "[No Variations]"
Add component (AddParameter): Name = "联系卖家，免费查找封装"; Value = "唯一出售店铺网址https://shop463601444.taobao.com"; VariantName = "[No Variations]"
Added Component: Designator=C23(C 0603_L)
Add component (AddParameter): Name = "BOM名称"; Value = "无极性贴片电容"; VariantName = "[No Variations]"
Add component (AddParameter): Name = "封装库来自淘宝卖家ID：黄晶宝石"; Value = "其他店铺购入均为盗版假冒封装库"; VariantName = "[No Variations]"
Add component (AddParameter): Name = "联系卖家，免费查找封装"; Value = "唯一出售店铺网址https://shop463601444.taobao.com"; VariantName = "[No Variations]"
Added Component: Designator=C24(C 0603_L)
Add component (AddParameter): Name = "BOM名称"; Value = "无极性贴片电容"; VariantName = "[No Variations]"
Add component (AddParameter): Name = "封装库来自淘宝卖家ID：黄晶宝石"; Value = "其他店铺购入均为盗版假冒封装库"; VariantName = "[No Variations]"
Add component (AddParameter): Name = "联系卖家，免费查找封装"; Value = "唯一出售店铺网址https://shop463601444.taobao.com"; VariantName = "[No Variations]"
Added Component: Designator=C25(C 0603_L)
Add component (AddParameter): Name = "BOM名称"; Value = "无极性贴片电容"; VariantName = "[No Variations]"
Add component (AddParameter): Name = "封装库来自淘宝卖家ID：黄晶宝石"; Value = "其他店铺购入均为盗版假冒封装库"; VariantName = "[No Variations]"
Add component (AddParameter): Name = "联系卖家，免费查找封装"; Value = "唯一出售店铺网址https://shop463601444.taobao.com"; VariantName = "[No Variations]"
Added Component: Designator=C26(C 0603_L)
Add component (AddParameter): Name = "BOM名称"; Value = "无极性贴片电容"; VariantName = "[No Variations]"
Add component (AddParameter): Name = "封装库来自淘宝卖家ID：黄晶宝石"; Value = "其他店铺购入均为盗版假冒封装库"; VariantName = "[No Variations]"
Add component (AddParameter): Name = "联系卖家，免费查找封装"; Value = "唯一出售店铺网址https://shop463601444.taobao.com"; VariantName = "[No Variations]"
Added Component: Designator=C27(C 0603_L)
Add component (AddParameter): Name = "BOM名称"; Value = "无极性贴片电容"; VariantName = "[No Variations]"
Add component (AddParameter): Name = "封装库来自淘宝卖家ID：黄晶宝石"; Value = "其他店铺购入均为盗版假冒封装库"; VariantName = "[No Variations]"
Add component (AddParameter): Name = "联系卖家，免费查找封装"; Value = "唯一出售店铺网址https://shop463601444.taobao.com"; VariantName = "[No Variations]"
Added Component: Designator=D1(SMA)
Add component (AddParameter): Name = "BOM名称"; Value = "肖特基二极管"; VariantName = "[No Variations]"
Add component (AddParameter): Name = "属性"; Value = "40V/1A"; VariantName = "[No Variations]"
Add component (AddParameter): Name = "联系卖家，免费查找封装"; Value = "唯一出售店铺网址https://shop463601444.taobao.com"; VariantName = "[No Variations]"
Added Component: Designator=E1(CM D(6.3*5.4))
Add component (AddParameter): Name = "BOM名称"; Value = "贴片电解电容"; VariantName = "[No Variations]"
Add component (AddParameter): Name = "封装库来自淘宝卖家ID：黄晶宝石"; Value = "其他店铺购入均为盗版假冒封装库"; VariantName = "[No Variations]"
Add component (AddParameter): Name = "联系卖家，免费查找封装"; Value = "唯一出售店铺网址https://shop463601444.taobao.com"; VariantName = "[No Variations]"
Added Component: Designator=HP1(HP1x0.5)
Added Component: Designator=HP2(HP1x0.5)
Added Component: Designator=HP3(HP1x0.5)
Added Component: Designator=HP4(HP1x0.5)
Added Component: Designator=HP5(HP1x0.5)
Added Component: Designator=HP6(HP1x0.5)
Added Component: Designator=HP7(HP1x0.5)
Added Component: Designator=HP8(HP1x0.5)
Added Component: Designator=HP9(HP1x0.5)
Added Component: Designator=HP10(HP1x0.5)
Added Component: Designator=HP11(HP1x0.5)
Added Component: Designator=HP12(HP1x0.5)
Added Component: Designator=HP13(HP1x0.5)
Added Component: Designator=HP14(HP1x0.5)
Added Component: Designator=HP15(HP1x0.5)
Added Component: Designator=HP16(HP1x0.5)
Added Component: Designator=HP17(HP1x0.5)
Added Component: Designator=HP18(HP1x0.5)
Added Component: Designator=HP19(HP1x0.5)
Added Component: Designator=IC1(ESP32-C3)
Added Component: Designator=IC2(SOIC-8W)
Added Component: Designator=JP1(MX 1.25-WI-4P)
Add component (AddParameter): Name = "BOM名称"; Value = "4P接插件"; VariantName = "[No Variations]"
Add component (AddParameter): Name = "联系卖家，免费技术支持"; Value = "唯一出售店铺网址https://shop463601444.taobao.com"; VariantName = "[No Variations]"
Added Component: Designator=JP2(MX 1.25-WI-6P)
Add component (AddParameter): Name = "BOM名称"; Value = "6P接插件"; VariantName = "[No Variations]"
Add component (AddParameter): Name = "联系卖家，免费技术支持"; Value = "唯一出售店铺网址https://shop463601444.taobao.com"; VariantName = "[No Variations]"
Added Component: Designator=JP3(MX 1.25-WI-4P)
Add component (AddParameter): Name = "BOM名称"; Value = "4P接插件"; VariantName = "[No Variations]"
Add component (AddParameter): Name = "联系卖家，免费技术支持"; Value = "唯一出售店铺网址https://shop463601444.taobao.com"; VariantName = "[No Variations]"
Added Component: Designator=JP4(MX 1.25-WI-6P)
Add component (AddParameter): Name = "BOM名称"; Value = "6P接插件"; VariantName = "[No Variations]"
Add component (AddParameter): Name = "联系卖家，免费技术支持"; Value = "唯一出售店铺网址https://shop463601444.taobao.com"; VariantName = "[No Variations]"
Added Component: Designator=L1(NR4020)
Add component (AddParameter): Name = "BOM名称"; Value = "NR磁胶电感"; VariantName = "[No Variations]"
Add component (AddParameter): Name = "封装库来自淘宝卖家ID：黄晶宝石"; Value = "其他店铺购入均为盗版假冒封装库"; VariantName = "[No Variations]"
Add component (AddParameter): Name = "联系卖家，免费查找封装"; Value = "唯一出售店铺网址https://shop463601444.taobao.com"; VariantName = "[No Variations]"
Added Component: Designator=L2(L 0805)
Add component (AddParameter): Name = "BOM名称"; Value = "小功率贴片电感"; VariantName = "[No Variations]"
Add component (AddParameter): Name = "封装库来自淘宝卖家ID：黄晶宝石"; Value = "其他店铺购入均为盗版假冒封装库"; VariantName = "[No Variations]"
Add component (AddParameter): Name = "联系卖家，免费查找封装"; Value = "唯一出售店铺网址https://shop463601444.taobao.com"; VariantName = "[No Variations]"
Added Component: Designator=L3(AN2051-245 2.4G)
Added Component: Designator=L4(L 0805)
Add component (AddParameter): Name = "BOM名称"; Value = "小功率贴片电感"; VariantName = "[No Variations]"
Add component (AddParameter): Name = "封装库来自淘宝卖家ID：黄晶宝石"; Value = "其他店铺购入均为盗版假冒封装库"; VariantName = "[No Variations]"
Add component (AddParameter): Name = "联系卖家，免费查找封装"; Value = "唯一出售店铺网址https://shop463601444.taobao.com"; VariantName = "[No Variations]"
Added Component: Designator=LED1(LED 0603B)
Add component (AddParameter): Name = "BOM名称"; Value = "贴片LED"; VariantName = "[No Variations]"
Add component (AddParameter): Name = "封装库来自淘宝卖家 ID：黄晶宝石"; Value = "其他店铺购入均为假冒，请立即申请退款，本店奖励2~5元现金"; VariantName = "[No Variations]"
Added Component: Designator=LED2(LED 0603B)
Add component (AddParameter): Name = "BOM名称"; Value = "贴片LED"; VariantName = "[No Variations]"
Add component (AddParameter): Name = "封装库来自淘宝卖家 ID：黄晶宝石"; Value = "其他店铺购入均为假冒，请立即申请退款，本店奖励2~5元现金"; VariantName = "[No Variations]"
Added Component: Designator=LED3(LED 0603B)
Add component (AddParameter): Name = "BOM名称"; Value = "贴片LED"; VariantName = "[No Variations]"
Add component (AddParameter): Name = "封装库来自淘宝卖家 ID：黄晶宝石"; Value = "其他店铺购入均为假冒，请立即申请退款，本店奖励2~5元现金"; VariantName = "[No Variations]"
Added Component: Designator=LED4(LED 0603B)
Add component (AddParameter): Name = "BOM名称"; Value = "贴片LED"; VariantName = "[No Variations]"
Add component (AddParameter): Name = "封装库来自淘宝卖家 ID：黄晶宝石"; Value = "其他店铺购入均为假冒，请立即申请退款，本店奖励2~5元现金"; VariantName = "[No Variations]"
Added Component: Designator=R1(R 0603_L)
Add component (AddParameter): Name = "BOM名称"; Value = "贴片电阻"; VariantName = "[No Variations]"
Add component (AddParameter): Name = "封装库来自淘宝卖家ID：黄晶宝石"; Value = "其他店铺购入均为盗版假冒封装库"; VariantName = "[No Variations]"
Add component (AddParameter): Name = "联系卖家，免费查找封装"; Value = "唯一出售店铺网址https://shop463601444.taobao.com"; VariantName = "[No Variations]"
Added Component: Designator=R2(R 0603_L)
Add component (AddParameter): Name = "BOM名称"; Value = "贴片电阻"; VariantName = "[No Variations]"
Add component (AddParameter): Name = "封装库来自淘宝卖家ID：黄晶宝石"; Value = "其他店铺购入均为盗版假冒封装库"; VariantName = "[No Variations]"
Add component (AddParameter): Name = "联系卖家，免费查找封装"; Value = "唯一出售店铺网址https://shop463601444.taobao.com"; VariantName = "[No Variations]"
Added Component: Designator=R3(R 0603_L)
Add component (AddParameter): Name = "BOM名称"; Value = "贴片电阻"; VariantName = "[No Variations]"
Add component (AddParameter): Name = "封装库来自淘宝卖家ID：黄晶宝石"; Value = "其他店铺购入均为盗版假冒封装库"; VariantName = "[No Variations]"
Add component (AddParameter): Name = "联系卖家，免费查找封装"; Value = "唯一出售店铺网址https://shop463601444.taobao.com"; VariantName = "[No Variations]"
Added Component: Designator=R4(R 0603_L)
Add component (AddParameter): Name = "BOM名称"; Value = "贴片电阻"; VariantName = "[No Variations]"
Add component (AddParameter): Name = "封装库来自淘宝卖家ID：黄晶宝石"; Value = "其他店铺购入均为盗版假冒封装库"; VariantName = "[No Variations]"
Add component (AddParameter): Name = "联系卖家，免费查找封装"; Value = "唯一出售店铺网址https://shop463601444.taobao.com"; VariantName = "[No Variations]"
Added Component: Designator=R5(R 0603_L)
Add component (AddParameter): Name = "BOM名称"; Value = "贴片电阻"; VariantName = "[No Variations]"
Add component (AddParameter): Name = "封装库来自淘宝卖家ID：黄晶宝石"; Value = "其他店铺购入均为盗版假冒封装库"; VariantName = "[No Variations]"
Add component (AddParameter): Name = "联系卖家，免费查找封装"; Value = "唯一出售店铺网址https://shop463601444.taobao.com"; VariantName = "[No Variations]"
Added Component: Designator=R6(R 0603_L)
Add component (AddParameter): Name = "BOM名称"; Value = "贴片电阻"; VariantName = "[No Variations]"
Add component (AddParameter): Name = "封装库来自淘宝卖家ID：黄晶宝石"; Value = "其他店铺购入均为盗版假冒封装库"; VariantName = "[No Variations]"
Add component (AddParameter): Name = "联系卖家，免费查找封装"; Value = "唯一出售店铺网址https://shop463601444.taobao.com"; VariantName = "[No Variations]"
Added Component: Designator=R7(R 0603_L)
Add component (AddParameter): Name = "BOM名称"; Value = "贴片电阻"; VariantName = "[No Variations]"
Add component (AddParameter): Name = "封装库来自淘宝卖家ID：黄晶宝石"; Value = "其他店铺购入均为盗版假冒封装库"; VariantName = "[No Variations]"
Add component (AddParameter): Name = "联系卖家，免费查找封装"; Value = "唯一出售店铺网址https://shop463601444.taobao.com"; VariantName = "[No Variations]"
Added Component: Designator=R8(R 0603_L)
Add component (AddParameter): Name = "BOM名称"; Value = "贴片电阻"; VariantName = "[No Variations]"
Add component (AddParameter): Name = "封装库来自淘宝卖家ID：黄晶宝石"; Value = "其他店铺购入均为盗版假冒封装库"; VariantName = "[No Variations]"
Add component (AddParameter): Name = "联系卖家，免费查找封装"; Value = "唯一出售店铺网址https://shop463601444.taobao.com"; VariantName = "[No Variations]"
Added Component: Designator=R9(R 0603_L)
Add component (AddParameter): Name = "BOM名称"; Value = "贴片电阻"; VariantName = "[No Variations]"
Add component (AddParameter): Name = "封装库来自淘宝卖家ID：黄晶宝石"; Value = "其他店铺购入均为盗版假冒封装库"; VariantName = "[No Variations]"
Add component (AddParameter): Name = "联系卖家，免费查找封装"; Value = "唯一出售店铺网址https://shop463601444.taobao.com"; VariantName = "[No Variations]"
Added Component: Designator=R10(R 0603_L)
Add component (AddParameter): Name = "BOM名称"; Value = "贴片电阻"; VariantName = "[No Variations]"
Add component (AddParameter): Name = "封装库来自淘宝卖家ID：黄晶宝石"; Value = "其他店铺购入均为盗版假冒封装库"; VariantName = "[No Variations]"
Add component (AddParameter): Name = "联系卖家，免费查找封装"; Value = "唯一出售店铺网址https://shop463601444.taobao.com"; VariantName = "[No Variations]"
Added Component: Designator=R11(R 0603_L)
Add component (AddParameter): Name = "BOM名称"; Value = "贴片电阻"; VariantName = "[No Variations]"
Add component (AddParameter): Name = "封装库来自淘宝卖家ID：黄晶宝石"; Value = "其他店铺购入均为盗版假冒封装库"; VariantName = "[No Variations]"
Add component (AddParameter): Name = "联系卖家，免费查找封装"; Value = "唯一出售店铺网址https://shop463601444.taobao.com"; VariantName = "[No Variations]"
Added Component: Designator=R12(R 0603_L)
Add component (AddParameter): Name = "BOM名称"; Value = "贴片电阻"; VariantName = "[No Variations]"
Add component (AddParameter): Name = "封装库来自淘宝卖家ID：黄晶宝石"; Value = "其他店铺购入均为盗版假冒封装库"; VariantName = "[No Variations]"
Add component (AddParameter): Name = "联系卖家，免费查找封装"; Value = "唯一出售店铺网址https://shop463601444.taobao.com"; VariantName = "[No Variations]"
Added Component: Designator=R13(R 0603_L)
Add component (AddParameter): Name = "BOM名称"; Value = "贴片电阻"; VariantName = "[No Variations]"
Add component (AddParameter): Name = "封装库来自淘宝卖家ID：黄晶宝石"; Value = "其他店铺购入均为盗版假冒封装库"; VariantName = "[No Variations]"
Add component (AddParameter): Name = "联系卖家，免费查找封装"; Value = "唯一出售店铺网址https://shop463601444.taobao.com"; VariantName = "[No Variations]"
Added Component: Designator=R14(R 0603_L)
Add component (AddParameter): Name = "BOM名称"; Value = "贴片电阻"; VariantName = "[No Variations]"
Add component (AddParameter): Name = "封装库来自淘宝卖家ID：黄晶宝石"; Value = "其他店铺购入均为盗版假冒封装库"; VariantName = "[No Variations]"
Add component (AddParameter): Name = "联系卖家，免费查找封装"; Value = "唯一出售店铺网址https://shop463601444.taobao.com"; VariantName = "[No Variations]"
Added Component: Designator=R15(R 0603_L)
Add component (AddParameter): Name = "BOM名称"; Value = "贴片电阻"; VariantName = "[No Variations]"
Add component (AddParameter): Name = "封装库来自淘宝卖家ID：黄晶宝石"; Value = "其他店铺购入均为盗版假冒封装库"; VariantName = "[No Variations]"
Add component (AddParameter): Name = "联系卖家，免费查找封装"; Value = "唯一出售店铺网址https://shop463601444.taobao.com"; VariantName = "[No Variations]"
Added Component: Designator=R16(R 0603_L)
Add component (AddParameter): Name = "BOM名称"; Value = "贴片电阻"; VariantName = "[No Variations]"
Add component (AddParameter): Name = "封装库来自淘宝卖家ID：黄晶宝石"; Value = "其他店铺购入均为盗版假冒封装库"; VariantName = "[No Variations]"
Add component (AddParameter): Name = "联系卖家，免费查找封装"; Value = "唯一出售店铺网址https://shop463601444.taobao.com"; VariantName = "[No Variations]"
Added Component: Designator=R17(R 0603_L)
Add component (AddParameter): Name = "BOM名称"; Value = "贴片电阻"; VariantName = "[No Variations]"
Add component (AddParameter): Name = "封装库来自淘宝卖家ID：黄晶宝石"; Value = "其他店铺购入均为盗版假冒封装库"; VariantName = "[No Variations]"
Add component (AddParameter): Name = "联系卖家，免费查找封装"; Value = "唯一出售店铺网址https://shop463601444.taobao.com"; VariantName = "[No Variations]"
Added Component: Designator=R18(R 0603_L)
Add component (AddParameter): Name = "BOM名称"; Value = "贴片电阻"; VariantName = "[No Variations]"
Add component (AddParameter): Name = "封装库来自淘宝卖家ID：黄晶宝石"; Value = "其他店铺购入均为盗版假冒封装库"; VariantName = "[No Variations]"
Add component (AddParameter): Name = "联系卖家，免费查找封装"; Value = "唯一出售店铺网址https://shop463601444.taobao.com"; VariantName = "[No Variations]"
Added Component: Designator=R19(R 1206_L)
Add component (AddParameter): Name = "BOM名称"; Value = "贴片电阻"; VariantName = "[No Variations]"
Add component (AddParameter): Name = "封装库来自淘宝卖家ID：黄晶宝石"; Value = "其他店铺购入均为盗版假冒封装库"; VariantName = "[No Variations]"
Add component (AddParameter): Name = "联系卖家，免费查找封装"; Value = "唯一出售店铺网址https://shop463601444.taobao.com"; VariantName = "[No Variations]"
Added Component: Designator=R20(R 1210_L)
Add component (AddParameter): Name = "BOM名称"; Value = "贴片电阻"; VariantName = "[No Variations]"
Add component (AddParameter): Name = "封装库来自淘宝卖家ID：黄晶宝石"; Value = "其他店铺购入均为盗版假冒封装库"; VariantName = "[No Variations]"
Add component (AddParameter): Name = "联系卖家，免费查找封装"; Value = "唯一出售店铺网址https://shop463601444.taobao.com"; VariantName = "[No Variations]"
Added Component: Designator=R21(R 0603_L)
Add component (AddParameter): Name = "BOM名称"; Value = "贴片电阻"; VariantName = "[No Variations]"
Add component (AddParameter): Name = "封装库来自淘宝卖家ID：黄晶宝石"; Value = "其他店铺购入均为盗版假冒封装库"; VariantName = "[No Variations]"
Add component (AddParameter): Name = "联系卖家，免费查找封装"; Value = "唯一出售店铺网址https://shop463601444.taobao.com"; VariantName = "[No Variations]"
Added Component: Designator=R22(R 0603_L)
Add component (AddParameter): Name = "BOM名称"; Value = "贴片电阻"; VariantName = "[No Variations]"
Add component (AddParameter): Name = "封装库来自淘宝卖家ID：黄晶宝石"; Value = "其他店铺购入均为盗版假冒封装库"; VariantName = "[No Variations]"
Add component (AddParameter): Name = "联系卖家，免费查找封装"; Value = "唯一出售店铺网址https://shop463601444.taobao.com"; VariantName = "[No Variations]"
Added Component: Designator=R23(R 0603_L)
Add component (AddParameter): Name = "BOM名称"; Value = "贴片电阻"; VariantName = "[No Variations]"
Add component (AddParameter): Name = "封装库来自淘宝卖家ID：黄晶宝石"; Value = "其他店铺购入均为盗版假冒封装库"; VariantName = "[No Variations]"
Add component (AddParameter): Name = "联系卖家，免费查找封装"; Value = "唯一出售店铺网址https://shop463601444.taobao.com"; VariantName = "[No Variations]"
Added Component: Designator=R24(R 0603_L)
Add component (AddParameter): Name = "BOM名称"; Value = "贴片电阻"; VariantName = "[No Variations]"
Add component (AddParameter): Name = "封装库来自淘宝卖家ID：黄晶宝石"; Value = "其他店铺购入均为盗版假冒封装库"; VariantName = "[No Variations]"
Add component (AddParameter): Name = "联系卖家，免费查找封装"; Value = "唯一出售店铺网址https://shop463601444.taobao.com"; VariantName = "[No Variations]"
Added Component: Designator=R25(R 0603_L)
Add component (AddParameter): Name = "BOM名称"; Value = "贴片电阻"; VariantName = "[No Variations]"
Add component (AddParameter): Name = "封装库来自淘宝卖家ID：黄晶宝石"; Value = "其他店铺购入均为盗版假冒封装库"; VariantName = "[No Variations]"
Add component (AddParameter): Name = "联系卖家，免费查找封装"; Value = "唯一出售店铺网址https://shop463601444.taobao.com"; VariantName = "[No Variations]"
Added Component: Designator=SW1(TSW SMD 3.2*4.2*2.5)
Added Component: Designator=U1(HTSSOP-28-EP-4.5mm)
Added Component: Designator=U2(SOT23-6L)
Added Component: Designator=U3(SOIC-8)
Added Component: Designator=U4(SOT23-5L)
Added Component: Designator=U5(TSSOP8_N)
Added Component: Designator=U6(TSSOP8_N)
Added Component: Designator=U7(QFN28 5x5_M)
Added Component: Designator=U8(SOT23-5L)
Added Component: Designator=U9(SOT-363)
Added Component: Designator=USBC1(USB-C-SMD_TYPE-C-USB-5)
Add component (AddParameter): Name = "联系卖家，免费技术支持"; Value = "唯一出售店铺网址https://shop463601444.taobao.com"; VariantName = "[No Variations]"
Added Component: Designator=USBC2(USB-C-SMD_TYPE-C-USB-5)
Add component (AddParameter): Name = "联系卖家，免费技术支持"; Value = "唯一出售店铺网址https://shop463601444.taobao.com"; VariantName = "[No Variations]"
Added Component: Designator=X1(OSC 3225-4P)
Add component (AddParameter): Name = "BOM名称"; Value = "4脚无源晶振"; VariantName = "[No Variations]"
Add component (AddParameter): Name = "联系卖家，免费查找封装"; Value = "唯一出售店铺网址https://shop463601444.taobao.com"; VariantName = "[No Variations]"
Added Pin To Net: NetName=+5 Pin=C2-2
Added Pin To Net: NetName=+5 Pin=C26-2
Added Pin To Net: NetName=+5 Pin=L1-2
Added Pin To Net: NetName=+5 Pin=U2-4
Added Pin To Net: NetName=+5 Pin=U2-5
Added Pin To Net: NetName=+5 Pin=U4-1
Added Pin To Net: NetName=+5 Pin=U4-3
Added Pin To Net: NetName=+5 Pin=U7-7
Added Pin To Net: NetName=+5 Pin=U7-8
Added Pin To Net: NetName=+5 Pin=U8-1
Added Pin To Net: NetName=+5 Pin=U8-3
Added Pin To Net: NetName=+5 Pin=USBC1-A4
Added Pin To Net: NetName=+5 Pin=USBC1-A9
Added Pin To Net: NetName=+5 Pin=USBC1-B4
Added Pin To Net: NetName=+5 Pin=USBC1-B9
Added Pin To Net: NetName=+5 Pin=USBC2-A4
Added Pin To Net: NetName=+5 Pin=USBC2-A9
Added Pin To Net: NetName=+5 Pin=USBC2-B4
Added Pin To Net: NetName=+5 Pin=USBC2-B9
Added Net: Name=+5
Added Pin To Net: NetName=3.3 Pin=C9-2
Added Pin To Net: NetName=3.3 Pin=C10-2
Added Pin To Net: NetName=3.3 Pin=C13-2
Added Pin To Net: NetName=3.3 Pin=C14-2
Added Pin To Net: NetName=3.3 Pin=C15-2
Added Pin To Net: NetName=3.3 Pin=C16-2
Added Pin To Net: NetName=3.3 Pin=C20-2
Added Pin To Net: NetName=3.3 Pin=C21-2
Added Pin To Net: NetName=3.3 Pin=C22-2
Added Pin To Net: NetName=3.3 Pin=C24-2
Added Pin To Net: NetName=3.3 Pin=C25-1
Added Pin To Net: NetName=3.3 Pin=C27-1
Added Pin To Net: NetName=3.3 Pin=HP18-1
Added Pin To Net: NetName=3.3 Pin=IC1-11
Added Pin To Net: NetName=3.3 Pin=IC1-17
Added Pin To Net: NetName=3.3 Pin=IC1-31
Added Pin To Net: NetName=3.3 Pin=IC1-32
Added Pin To Net: NetName=3.3 Pin=JP1-4
Added Pin To Net: NetName=3.3 Pin=JP2-6
Added Pin To Net: NetName=3.3 Pin=JP3-4
Added Pin To Net: NetName=3.3 Pin=JP4-1
Added Pin To Net: NetName=3.3 Pin=L2-1
Added Pin To Net: NetName=3.3 Pin=R3-2
Added Pin To Net: NetName=3.3 Pin=R4-1
Added Pin To Net: NetName=3.3 Pin=R5-1
Added Pin To Net: NetName=3.3 Pin=R9-2
Added Pin To Net: NetName=3.3 Pin=R14-1
Added Pin To Net: NetName=3.3 Pin=R15-1
Added Pin To Net: NetName=3.3 Pin=R16-2
Added Pin To Net: NetName=3.3 Pin=R18-2
Added Pin To Net: NetName=3.3 Pin=R23-2
Added Pin To Net: NetName=3.3 Pin=R24-1
Added Pin To Net: NetName=3.3 Pin=R25-1
Added Pin To Net: NetName=3.3 Pin=U3-1
Added Pin To Net: NetName=3.3 Pin=U3-2
Added Pin To Net: NetName=3.3 Pin=U4-5
Added Pin To Net: NetName=3.3 Pin=U5-5
Added Pin To Net: NetName=3.3 Pin=U5-6
Added Pin To Net: NetName=3.3 Pin=U6-5
Added Pin To Net: NetName=3.3 Pin=U6-6
Added Pin To Net: NetName=3.3 Pin=U7-6
Added Pin To Net: NetName=3.3 Pin=U8-5
Added Net: Name=3.3
Added Pin To Net: NetName=AS_SCL Pin=JP1-3
Added Pin To Net: NetName=AS_SCL Pin=R5-2
Added Pin To Net: NetName=AS_SCL Pin=U3-7
Added Net: Name=AS_SCL
Added Pin To Net: NetName=AS_SDA Pin=JP1-2
Added Pin To Net: NetName=AS_SDA Pin=R4-2
Added Pin To Net: NetName=AS_SDA Pin=U3-6
Added Net: Name=AS_SDA
Added Pin To Net: NetName=CP_IO Pin=JP4-3
Added Pin To Net: NetName=CP_IO Pin=U9-3
Added Net: Name=CP_IO
Added Pin To Net: NetName=CP_RESET Pin=JP4-2
Added Pin To Net: NetName=CP_RESET Pin=U9-6
Added Net: Name=CP_RESET
Added Pin To Net: NetName=CP_RX Pin=JP4-5
Added Pin To Net: NetName=CP_RX Pin=U7-25
Added Net: Name=CP_RX
Added Pin To Net: NetName=CP_TX Pin=JP4-4
Added Pin To Net: NetName=CP_TX Pin=U7-26
Added Net: Name=CP_TX
Added Pin To Net: NetName=DTR Pin=U7-28
Added Pin To Net: NetName=DTR Pin=U9-2
Added Pin To Net: NetName=DTR Pin=U9-4
Added Net: Name=DTR
Added Pin To Net: NetName=EN Pin=IC1-16
Added Pin To Net: NetName=EN Pin=U1-22
Added Pin To Net: NetName=EN Pin=U1-24
Added Pin To Net: NetName=EN Pin=U1-26
Added Net: Name=EN
Added Pin To Net: NetName=FAULT Pin=HP7-1
Added Pin To Net: NetName=FAULT Pin=U1-18
Added Net: Name=FAULT
Added Pin To Net: NetName=GND Pin=C1-1
Added Pin To Net: NetName=GND Pin=C2-1
Added Pin To Net: NetName=GND Pin=C3-1
Added Pin To Net: NetName=GND Pin=C4-1
Added Pin To Net: NetName=GND Pin=C5-1
Added Pin To Net: NetName=GND Pin=C6-1
Added Pin To Net: NetName=GND Pin=C9-1
Added Pin To Net: NetName=GND Pin=C10-1
Added Pin To Net: NetName=GND Pin=C11-1
Added Pin To Net: NetName=GND Pin=C12-2
Added Pin To Net: NetName=GND Pin=C13-1
Added Pin To Net: NetName=GND Pin=C14-1
Added Pin To Net: NetName=GND Pin=C15-1
Added Pin To Net: NetName=GND Pin=C16-1
Added Pin To Net: NetName=GND Pin=C17-1
Added Pin To Net: NetName=GND Pin=C18-1
Added Pin To Net: NetName=GND Pin=C20-1
Added Pin To Net: NetName=GND Pin=C21-1
Added Pin To Net: NetName=GND Pin=C22-1
Added Pin To Net: NetName=GND Pin=C23-2
Added Pin To Net: NetName=GND Pin=C24-1
Added Pin To Net: NetName=GND Pin=C25-2
Added Pin To Net: NetName=GND Pin=C26-1
Added Pin To Net: NetName=GND Pin=C27-2
Added Pin To Net: NetName=GND Pin=E1-2
Added Pin To Net: NetName=GND Pin=HP19-1
Added Pin To Net: NetName=GND Pin=IC1-33
Added Pin To Net: NetName=GND Pin=IC2-4
Added Pin To Net: NetName=GND Pin=JP1-1
Added Pin To Net: NetName=GND Pin=JP2-1
Added Pin To Net: NetName=GND Pin=JP3-1
Added Pin To Net: NetName=GND Pin=JP4-6
Added Pin To Net: NetName=GND Pin=L4-1
Added Pin To Net: NetName=GND Pin=LED1-2
Added Pin To Net: NetName=GND Pin=LED2-2
Added Pin To Net: NetName=GND Pin=LED3-2
Added Pin To Net: NetName=GND Pin=R2-1
Added Pin To Net: NetName=GND Pin=R6-2
Added Pin To Net: NetName=GND Pin=R10-1
Added Pin To Net: NetName=GND Pin=R11-2
Added Pin To Net: NetName=GND Pin=R21-1
Added Pin To Net: NetName=GND Pin=R22-2
Added Pin To Net: NetName=GND Pin=SW1-3
Added Pin To Net: NetName=GND Pin=SW1-4
Added Pin To Net: NetName=GND Pin=U1-6
Added Pin To Net: NetName=GND Pin=U1-7
Added Pin To Net: NetName=GND Pin=U1-10
Added Pin To Net: NetName=GND Pin=U1-12
Added Pin To Net: NetName=GND Pin=U1-13
Added Pin To Net: NetName=GND Pin=U1-14
Added Pin To Net: NetName=GND Pin=U1-19
Added Pin To Net: NetName=GND Pin=U1-20
Added Pin To Net: NetName=GND Pin=U1-21
Added Pin To Net: NetName=GND Pin=U1-28
Added Pin To Net: NetName=GND Pin=U1-29
Added Pin To Net: NetName=GND Pin=U2-2
Added Pin To Net: NetName=GND Pin=U3-4
Added Pin To Net: NetName=GND Pin=U3-8
Added Pin To Net: NetName=GND Pin=U4-2
Added Pin To Net: NetName=GND Pin=U5-1
Added Pin To Net: NetName=GND Pin=U5-4
Added Pin To Net: NetName=GND Pin=U5-7
Added Pin To Net: NetName=GND Pin=U6-1
Added Pin To Net: NetName=GND Pin=U6-4
Added Pin To Net: NetName=GND Pin=U6-7
Added Pin To Net: NetName=GND Pin=U7-3
Added Pin To Net: NetName=GND Pin=U7-29
Added Pin To Net: NetName=GND Pin=U8-2
Added Pin To Net: NetName=GND Pin=USBC1-0
Added Pin To Net: NetName=GND Pin=USBC1-0
Added Pin To Net: NetName=GND Pin=USBC1-0
Added Pin To Net: NetName=GND Pin=USBC1-0
Added Pin To Net: NetName=GND Pin=USBC1-A1
Added Pin To Net: NetName=GND Pin=USBC1-A12
Added Pin To Net: NetName=GND Pin=USBC1-B1
Added Pin To Net: NetName=GND Pin=USBC1-B12
Added Pin To Net: NetName=GND Pin=USBC2-0
Added Pin To Net: NetName=GND Pin=USBC2-0
Added Pin To Net: NetName=GND Pin=USBC2-0
Added Pin To Net: NetName=GND Pin=USBC2-0
Added Pin To Net: NetName=GND Pin=USBC2-A1
Added Pin To Net: NetName=GND Pin=USBC2-A12
Added Pin To Net: NetName=GND Pin=USBC2-B1
Added Pin To Net: NetName=GND Pin=USBC2-B12
Added Pin To Net: NetName=GND Pin=X1-2
Added Pin To Net: NetName=GND Pin=X1-4
Added Net: Name=GND
Added Pin To Net: NetName=I2C_SCL Pin=IC1-10
Added Pin To Net: NetName=I2C_SCL Pin=JP3-3
Added Net: Name=I2C_SCL
Added Pin To Net: NetName=I2C_SDA Pin=IC1-9
Added Pin To Net: NetName=I2C_SDA Pin=JP3-2
Added Net: Name=I2C_SDA
Added Pin To Net: NetName=IN1 Pin=HP1-1
Added Pin To Net: NetName=IN1 Pin=IC1-12
Added Pin To Net: NetName=IN1 Pin=U1-27
Added Net: Name=IN1
Added Pin To Net: NetName=IN2 Pin=HP2-1
Added Pin To Net: NetName=IN2 Pin=IC1-13
Added Pin To Net: NetName=IN2 Pin=U1-25
Added Net: Name=IN2
Added Pin To Net: NetName=IN3 Pin=HP4-1
Added Pin To Net: NetName=IN3 Pin=IC1-14
Added Pin To Net: NetName=IN3 Pin=R16-1
Added Pin To Net: NetName=IN3 Pin=U1-23
Added Net: Name=IN3
Added Pin To Net: NetName=INA_ADC_1 Pin=HP12-1
Added Pin To Net: NetName=INA_ADC_1 Pin=IC1-4
Added Pin To Net: NetName=INA_ADC_1 Pin=U5-8
Added Net: Name=INA_ADC_1
Added Pin To Net: NetName=INA_ADC_2 Pin=HP14-1
Added Pin To Net: NetName=INA_ADC_2 Pin=IC1-5
Added Pin To Net: NetName=INA_ADC_2 Pin=U6-8
Added Net: Name=INA_ADC_2
Added Pin To Net: NetName=IO9 Pin=HP17-1
Added Pin To Net: NetName=IO9 Pin=IC1-15
Added Pin To Net: NetName=IO9 Pin=JP2-5
Added Net: Name=IO9
Added Pin To Net: NetName=NetC6_2 Pin=C6-2
Added Pin To Net: NetName=NetC6_2 Pin=U1-15
Added Pin To Net: NetName=NetC6_2 Pin=U1-16
Added Pin To Net: NetName=NetC6_2 Pin=U1-17
Added Net: Name=NetC6_2
Added Pin To Net: NetName=NetC7_1 Pin=C7-1
Added Pin To Net: NetName=NetC7_1 Pin=U1-1
Added Net: Name=NetC7_1
Added Pin To Net: NetName=NetC7_2 Pin=C7-2
Added Pin To Net: NetName=NetC7_2 Pin=U1-2
Added Net: Name=NetC7_2
Added Pin To Net: NetName=NetC8_2 Pin=C8-2
Added Pin To Net: NetName=NetC8_2 Pin=U1-3
Added Net: Name=NetC8_2
Added Pin To Net: NetName=NetC11_2 Pin=C11-2
Added Pin To Net: NetName=NetC11_2 Pin=R8-2
Added Pin To Net: NetName=NetC11_2 Pin=X1-1
Added Net: Name=NetC11_2
Added Pin To Net: NetName=NetC12_1 Pin=C12-1
Added Pin To Net: NetName=NetC12_1 Pin=IC1-29
Added Pin To Net: NetName=NetC12_1 Pin=X1-3
Added Net: Name=NetC12_1
Added Pin To Net: NetName=NetC17_2 Pin=C17-2
Added Pin To Net: NetName=NetC17_2 Pin=IC1-2
Added Pin To Net: NetName=NetC17_2 Pin=IC1-3
Added Pin To Net: NetName=NetC17_2 Pin=L2-2
Added Net: Name=NetC17_2
Added Pin To Net: NetName=NetC18_2 Pin=C18-2
Added Pin To Net: NetName=NetC18_2 Pin=C19-2
Added Pin To Net: NetName=NetC18_2 Pin=L3-1
Added Net: Name=NetC18_2
Added Pin To Net: NetName=NetC19_1 Pin=C19-1
Added Pin To Net: NetName=NetC19_1 Pin=IC1-1
Added Pin To Net: NetName=NetC19_1 Pin=L4-2
Added Net: Name=NetC19_1
Added Pin To Net: NetName=NetD1_1 Pin=D1-1
Added Pin To Net: NetName=NetD1_1 Pin=L1-1
Added Pin To Net: NetName=NetD1_1 Pin=U2-1
Added Net: Name=NetD1_1
Added Pin To Net: NetName=NetHP8_1 Pin=HP8-1
Added Pin To Net: NetName=NetHP8_1 Pin=U3-3
Added Net: Name=NetHP8_1
Added Pin To Net: NetName=NetIC1_6 Pin=IC1-6
Added Pin To Net: NetName=NetIC1_6 Pin=R15-2
Added Net: Name=NetIC1_6
Added Pin To Net: NetName=NetIC1_28 Pin=IC1-28
Added Pin To Net: NetName=NetIC1_28 Pin=R7-1
Added Net: Name=NetIC1_28
Added Pin To Net: NetName=NetIC1_30 Pin=IC1-30
Added Pin To Net: NetName=NetIC1_30 Pin=R8-1
Added Net: Name=NetIC1_30
Added Pin To Net: NetName=NetLED1_1 Pin=LED1-1
Added Pin To Net: NetName=NetLED1_1 Pin=R3-1
Added Net: Name=NetLED1_1
Added Pin To Net: NetName=NetLED2_1 Pin=LED2-1
Added Pin To Net: NetName=NetLED2_1 Pin=R18-1
Added Net: Name=NetLED2_1
Added Pin To Net: NetName=NetLED3_1 Pin=LED3-1
Added Pin To Net: NetName=NetLED3_1 Pin=R23-1
Added Net: Name=NetLED3_1
Added Pin To Net: NetName=NetLED4_1 Pin=LED4-1
Added Pin To Net: NetName=NetLED4_1 Pin=R25-2
Added Net: Name=NetLED4_1
Added Pin To Net: NetName=NetR1_1 Pin=R1-1
Added Pin To Net: NetName=NetR1_1 Pin=R2-2
Added Pin To Net: NetName=NetR1_1 Pin=U2-3
Added Net: Name=NetR1_1
Added Pin To Net: NetName=NetR6_1 Pin=R6-1
Added Pin To Net: NetName=NetR6_1 Pin=U3-5
Added Net: Name=NetR6_1
Added Pin To Net: NetName=NetR10_2 Pin=R10-2
Added Pin To Net: NetName=NetR10_2 Pin=USBC1-B5
Added Net: Name=NetR10_2
Added Pin To Net: NetName=NetR11_1 Pin=R11-1
Added Pin To Net: NetName=NetR11_1 Pin=USBC1-A5
Added Net: Name=NetR11_1
Added Pin To Net: NetName=NetR21_2 Pin=R21-2
Added Pin To Net: NetName=NetR21_2 Pin=USBC2-B5
Added Net: Name=NetR21_2
Added Pin To Net: NetName=NetR22_1 Pin=R22-1
Added Pin To Net: NetName=NetR22_1 Pin=USBC2-A5
Added Net: Name=NetR22_1
Added Pin To Net: NetName=NetR24_2 Pin=R24-2
Added Pin To Net: NetName=NetR24_2 Pin=U7-9
Added Net: Name=NetR24_2
Added Pin To Net: NetName=OUT1_N Pin=HP9-1
Added Pin To Net: NetName=OUT1_N Pin=R12-2
Added Pin To Net: NetName=OUT1_N Pin=R19-2
Added Pin To Net: NetName=OUT1_N Pin=U5-2
Added Net: Name=OUT1_N
Added Pin To Net: NetName=OUT1_P Pin=HP3-1
Added Pin To Net: NetName=OUT1_P Pin=R12-1
Added Pin To Net: NetName=OUT1_P Pin=R19-1
Added Pin To Net: NetName=OUT1_P Pin=U1-5
Added Pin To Net: NetName=OUT1_P Pin=U5-3
Added Net: Name=OUT1_P
Added Pin To Net: NetName=OUT2_N Pin=HP10-1
Added Pin To Net: NetName=OUT2_N Pin=R13-2
Added Pin To Net: NetName=OUT2_N Pin=R20-2
Added Pin To Net: NetName=OUT2_N Pin=U6-2
Added Net: Name=OUT2_N
Added Pin To Net: NetName=OUT2_P Pin=HP5-1
Added Pin To Net: NetName=OUT2_P Pin=R13-1
Added Pin To Net: NetName=OUT2_P Pin=R20-1
Added Pin To Net: NetName=OUT2_P Pin=U1-8
Added Pin To Net: NetName=OUT2_P Pin=U6-3
Added Net: Name=OUT2_P
Added Pin To Net: NetName=OUT3_N Pin=HP11-1
Added Pin To Net: NetName=OUT3_N Pin=R17-2
Added Net: Name=OUT3_N
Added Pin To Net: NetName=OUT3_P Pin=HP6-1
Added Pin To Net: NetName=OUT3_P Pin=R17-1
Added Pin To Net: NetName=OUT3_P Pin=U1-9
Added Net: Name=OUT3_P
Added Pin To Net: NetName=P3 Pin=IC1-8
Added Pin To Net: NetName=P3 Pin=LED4-2
Added Net: Name=P3
Added Pin To Net: NetName=RESET Pin=C23-1
Added Pin To Net: NetName=RESET Pin=HP16-1
Added Pin To Net: NetName=RESET Pin=IC1-7
Added Pin To Net: NetName=RESET Pin=JP2-4
Added Pin To Net: NetName=RESET Pin=R9-1
Added Pin To Net: NetName=RESET Pin=R14-2
Added Pin To Net: NetName=RESET Pin=SW1-1
Added Pin To Net: NetName=RESET Pin=SW1-2
Added Net: Name=RESET
Added Pin To Net: NetName=RTS Pin=U7-24
Added Pin To Net: NetName=RTS Pin=U9-1
Added Pin To Net: NetName=RTS Pin=U9-5
Added Net: Name=RTS
Added Pin To Net: NetName=SPI_VDD Pin=IC1-18
Added Pin To Net: NetName=SPI_VDD Pin=IC2-8
Added Net: Name=SPI_VDD
Added Pin To Net: NetName=SPICLK Pin=IC1-22
Added Pin To Net: NetName=SPICLK Pin=IC2-6
Added Net: Name=SPICLK
Added Pin To Net: NetName=SPICS0 Pin=IC1-21
Added Pin To Net: NetName=SPICS0 Pin=IC2-1
Added Net: Name=SPICS0
Added Pin To Net: NetName=SPID Pin=IC1-23
Added Pin To Net: NetName=SPID Pin=IC2-5
Added Net: Name=SPID
Added Pin To Net: NetName=SPIHD Pin=IC1-19
Added Pin To Net: NetName=SPIHD Pin=IC2-7
Added Net: Name=SPIHD
Added Pin To Net: NetName=SPIQ Pin=IC1-24
Added Pin To Net: NetName=SPIQ Pin=IC2-2
Added Net: Name=SPIQ
Added Pin To Net: NetName=SPIWP Pin=IC1-20
Added Pin To Net: NetName=SPIWP Pin=IC2-3
Added Net: Name=SPIWP
Added Pin To Net: NetName=U0+ Pin=U7-4
Added Pin To Net: NetName=U0+ Pin=USBC2-A6
Added Pin To Net: NetName=U0+ Pin=USBC2-B6
Added Net: Name=U0+
Added Pin To Net: NetName=U0- Pin=U7-5
Added Pin To Net: NetName=U0- Pin=USBC2-A7
Added Pin To Net: NetName=U0- Pin=USBC2-B7
Added Net: Name=U0-
Added Pin To Net: NetName=U0RX Pin=HP15-1
Added Pin To Net: NetName=U0RX Pin=IC1-27
Added Pin To Net: NetName=U0RX Pin=JP2-3
Added Net: Name=U0RX
Added Pin To Net: NetName=U0TX Pin=HP13-1
Added Pin To Net: NetName=U0TX Pin=JP2-2
Added Pin To Net: NetName=U0TX Pin=R7-2
Added Net: Name=U0TX
Added Pin To Net: NetName=USBD+ Pin=IC1-26
Added Pin To Net: NetName=USBD+ Pin=USBC1-A6
Added Pin To Net: NetName=USBD+ Pin=USBC1-B6
Added Net: Name=USBD+
Added Pin To Net: NetName=USBD- Pin=IC1-25
Added Pin To Net: NetName=USBD- Pin=USBC1-A7
Added Pin To Net: NetName=USBD- Pin=USBC1-B7
Added Net: Name=USBD-
Added Pin To Net: NetName=VCC Pin=C1-2
Added Pin To Net: NetName=VCC Pin=C3-2
Added Pin To Net: NetName=VCC Pin=C4-2
Added Pin To Net: NetName=VCC Pin=C5-2
Added Pin To Net: NetName=VCC Pin=C8-1
Added Pin To Net: NetName=VCC Pin=D1-2
Added Pin To Net: NetName=VCC Pin=E1-1
Added Pin To Net: NetName=VCC Pin=R1-2
Added Pin To Net: NetName=VCC Pin=U1-4
Added Pin To Net: NetName=VCC Pin=U1-11
Added Net: Name=VCC
Added Class: Name=Sheet1
